# JRE version: Java(TM) SE Runtime Environment (8.0_241-b07) (build 1.8.0_241-b07)
# Java VM: Java HotSpot(TM) 64-Bit Server VM (25.241-b07 mixed mode windows-amd64 compressed oops)
Heap:
 PSYoungGen      total 273408K, used 58469K [0x00000000d5f00000, 0x00000000ea680000, 0x0000000100000000)
  eden space 232960K, 19% used [0x00000000d5f00000,0x00000000d8ab5da0,0x00000000e4280000)
  from space 40448K, 33% used [0x00000000e4280000,0x00000000e4fe3710,0x00000000e6a00000)
  to   space 25088K, 0% used [0x00000000e6a00000,0x00000000e6a00000,0x00000000e8280000)
 ParOldGen       total 124416K, used 63797K [0x0000000081c00000, 0x0000000089580000, 0x00000000d5f00000)
  object space 124416K, 51% used [0x0000000081c00000,0x0000000085a4d4b8,0x0000000089580000)
 Metaspace       used 46002K, capacity 48528K, committed 48896K, reserved 1091584K
  class space    used 5825K, capacity 6839K, committed 6912K, reserved 1048576K
GC Heap History (10 events):
Event: 6.440 GC heap before
{Heap before GC invocations=15 (full 2):
 PSYoungGen      total 180224K, used 163876K [0x00000000d5f00000, 0x00000000e1b80000, 0x0000000100000000)
  eden space 173568K, 90% used [0x00000000d5f00000,0x00000000df8d3a30,0x00000000e0880000)
  from space 6656K, 95% used [0x00000000e1500000,0x00000000e1b35660,0x00000000e1b80000)
  to   space 9728K, 0% used [0x00000000e0880000,0x00000000e0880000,0x00000000e1200000)
 ParOldGen       total 124416K, used 43841K [0x0000000081c00000, 0x0000000089580000, 0x00000000d5f00000)
  object space 124416K, 35% used [0x0000000081c00000,0x00000000846d0660,0x0000000089580000)
 Metaspace       used 37311K, capacity 39582K, committed 39808K, reserved 1083392K
  class space    used 4746K, capacity 5710K, committed 5760K, reserved 1048576K
Event: 6.476 GC heap after
Heap after GC invocations=15 (full 2):
 PSYoungGen      total 183296K, used 9712K [0x00000000d5f00000, 0x00000000e8280000, 0x0000000100000000)
  eden space 173568K, 0% used [0x00000000d5f00000,0x00000000d5f00000,0x00000000e0880000)
  from space 9728K, 99% used [0x00000000e0880000,0x00000000e11fc010,0x00000000e1200000)
  to   space 25088K, 0% used [0x00000000e6a00000,0x00000000e6a00000,0x00000000e8280000)
 ParOldGen       total 124416K, used 83613K [0x0000000081c00000, 0x0000000089580000, 0x00000000d5f00000)
  object space 124416K, 67% used [0x0000000081c00000,0x0000000086da77e8,0x0000000089580000)
 Metaspace       used 37311K, capacity 39582K, committed 39808K, reserved 1083392K
  class space    used 4746K, capacity 5710K, committed 5760K, reserved 1048576K
}
Event: 6.720 GC heap before
{Heap before GC invocations=16 (full 2):
 PSYoungGen      total 183296K, used 183280K [0x00000000d5f00000, 0x00000000e8280000, 0x0000000100000000)
  eden space 173568K, 100% used [0x00000000d5f00000,0x00000000e0880000,0x00000000e0880000)
  from space 9728K, 99% used [0x00000000e0880000,0x00000000e11fc010,0x00000000e1200000)
  to   space 25088K, 0% used [0x00000000e6a00000,0x00000000e6a00000,0x00000000e8280000)
 ParOldGen       total 124416K, used 83613K [0x0000000081c00000, 0x0000000089580000, 0x00000000d5f00000)
  object space 124416K, 67% used [0x0000000081c00000,0x0000000086da77e8,0x0000000089580000)
 Metaspace       used 37327K, capacity 39582K, committed 39808K, reserved 1083392K
  class space    used 4746K, capacity 5710K, committed 5760K, reserved 1048576K
Event: 6.760 GC heap after
Heap after GC invocations=16 (full 2):
 PSYoungGen      total 258048K, used 25085K [0x00000000d5f00000, 0x00000000ea680000, 0x0000000100000000)
  eden space 232960K, 0% used [0x00000000d5f00000,0x00000000d5f00000,0x00000000e4280000)
  from space 25088K, 99% used [0x00000000e6a00000,0x00000000e827f5d0,0x00000000e8280000)
  to   space 40448K, 0% used [0x00000000e4280000,0x00000000e4280000,0x00000000e6a00000)
 ParOldGen       total 124416K, used 114664K [0x0000000081c00000, 0x0000000089580000, 0x00000000d5f00000)
  object space 124416K, 92% used [0x0000000081c00000,0x0000000088bfa078,0x0000000089580000)
 Metaspace       used 37327K, capacity 39582K, committed 39808K, reserved 1083392K
  class space    used 4746K, capacity 5710K, committed 5760K, reserved 1048576K
}
Event: 6.760 GC heap before
{Heap before GC invocations=17 (full 3):
 PSYoungGen      total 258048K, used 25085K [0x00000000d5f00000, 0x00000000ea680000, 0x0000000100000000)
  eden space 232960K, 0% used [0x00000000d5f00000,0x00000000d5f00000,0x00000000e4280000)
  from space 25088K, 99% used [0x00000000e6a00000,0x00000000e827f5d0,0x00000000e8280000)
  to   space 40448K, 0% used [0x00000000e4280000,0x00000000e4280000,0x00000000e6a00000)
 ParOldGen       total 124416K, used 114664K [0x0000000081c00000, 0x0000000089580000, 0x00000000d5f00000)
  object space 124416K, 92% used [0x0000000081c00000,0x0000000088bfa078,0x0000000089580000)
 Metaspace       used 37327K, capacity 39582K, committed 39808K, reserved 1083392K
  class space    used 4746K, capacity 5710K, committed 5760K, reserved 1048576K
Event: 7.006 GC heap after
Heap after GC invocations=17 (full 3):
 PSYoungGen      total 258048K, used 0K [0x00000000d5f00000, 0x00000000ea680000, 0x0000000100000000)
  eden space 232960K, 0% used [0x00000000d5f00000,0x00000000d5f00000,0x00000000e4280000)
  from space 25088K, 0% used [0x00000000e6a00000,0x00000000e6a00000,0x00000000e8280000)
  to   space 40448K, 0% used [0x00000000e4280000,0x00000000e4280000,0x00000000e6a00000)
 ParOldGen       total 124416K, used 103538K [0x0000000081c00000, 0x0000000089580000, 0x00000000d5f00000)
  object space 124416K, 83% used [0x0000000081c00000,0x000000008811cbe8,0x0000000089580000)
 Metaspace       used 37327K, capacity 39582K, committed 39808K, reserved 1083392K
  class space    used 4746K, capacity 5710K, committed 5760K, reserved 1048576K
}
Event: 7.998 GC heap before
{Heap before GC invocations=18 (full 4):
 PSYoungGen      total 258048K, used 232960K [0x00000000d5f00000, 0x00000000ea680000, 0x0000000100000000)
  eden space 232960K, 100% used [0x00000000d5f00000,0x00000000e4280000,0x00000000e4280000)
  from space 25088K, 0% used [0x00000000e6a00000,0x00000000e6a00000,0x00000000e8280000)
  to   space 40448K, 0% used [0x00000000e4280000,0x00000000e4280000,0x00000000e6a00000)
 ParOldGen       total 124416K, used 103538K [0x0000000081c00000, 0x0000000089580000, 0x00000000d5f00000)
  object space 124416K, 83% used [0x0000000081c00000,0x000000008811cbe8,0x0000000089580000)
 Metaspace       used 38543K, capacity 40864K, committed 41216K, reserved 1085440K
  class space    used 4861K, capacity 5849K, committed 5888K, reserved 1048576K
Event: 8.097 GC heap after
Heap after GC invocations=18 (full 4):
 PSYoungGen      total 258048K, used 0K [0x00000000d5f00000, 0x00000000ea680000, 0x0000000100000000)
  eden space 232960K, 0% used [0x00000000d5f00000,0x00000000d5f00000,0x00000000e4280000)
  from space 25088K, 0% used [0x00000000e6a00000,0x00000000e6a00000,0x00000000e8280000)
  to   space 40448K, 0% used [0x00000000e4280000,0x00000000e4280000,0x00000000e6a00000)
 ParOldGen       total 124416K, used 63789K [0x0000000081c00000, 0x0000000089580000, 0x00000000d5f00000)
  object space 124416K, 51% used [0x0000000081c00000,0x0000000085a4b4b8,0x0000000089580000)
 Metaspace       used 38543K, capacity 40864K, committed 41216K, reserved 1085440K
  class space    used 4861K, capacity 5849K, committed 5888K, reserved 1048576K
}
Event: 9.870 GC heap before
{Heap before GC invocations=19 (full 4):
 PSYoungGen      total 258048K, used 232960K [0x00000000d5f00000, 0x00000000ea680000, 0x0000000100000000)
  eden space 232960K, 100% used [0x00000000d5f00000,0x00000000e4280000,0x00000000e4280000)
  from space 25088K, 0% used [0x00000000e6a00000,0x00000000e6a00000,0x00000000e8280000)
  to   space 40448K, 0% used [0x00000000e4280000,0x00000000e4280000,0x00000000e6a00000)
 ParOldGen       total 124416K, used 63789K [0x0000000081c00000, 0x0000000089580000, 0x00000000d5f00000)
  object space 124416K, 51% used [0x0000000081c00000,0x0000000085a4b4b8,0x0000000089580000)
 Metaspace       used 45495K, capacity 48016K, committed 48256K, reserved 1091584K
  class space    used 5789K, capacity 6775K, committed 6784K, reserved 1048576K
Event: 9.885 GC heap after
Heap after GC invocations=19 (full 4):
 PSYoungGen      total 273408K, used 13709K [0x00000000d5f00000, 0x00000000ea680000, 0x0000000100000000)
  eden space 232960K, 0% used [0x00000000d5f00000,0x00000000d5f00000,0x00000000e4280000)
  from space 40448K, 33% used [0x00000000e4280000,0x00000000e4fe3710,0x00000000e6a00000)
  to   space 25088K, 0% used [0x00000000e6a00000,0x00000000e6a00000,0x00000000e8280000)
 ParOldGen       total 124416K, used 63797K [0x0000000081c00000, 0x0000000089580000, 0x00000000d5f00000)
  object space 124416K, 51% used [0x0000000081c00000,0x0000000085a4d4b8,0x0000000089580000)
 Metaspace       used 45495K, capacity 48016K, committed 48256K, reserved 1091584K
  class space    used 5789K, capacity 6775K, committed 6784K, reserved 1048576K
}

